Testing Password: Decoded
FAILED with Decoded: password authentication failed for user "postgres"
Testing Password: Raw
FAILED with Raw: password authentication failed for user "postgres"
Testing Password: FirstEnvPass
FAILED with FirstEnvPass: password authentication failed for user "postgres"
